<?xml version="1.0" encoding="UTF-8"?>
<!-- Generated by org.testng.reporters.JUnitReportReporter -->
<testsuite hostname="TechAviator-PC" name="Scenario_Component.Scenario_Cart" tests="1" failures="0" timestamp="9 Oct 2016 05:15:08 GMT" time="52.304" errors="0">
  <testcase name="TestDeleteCart" time="52.304" classname="Scenario_Component.Scenario_Cart"/>
</testsuite> <!-- Scenario_Component.Scenario_Cart -->
